<?xml version="1.0" encoding="UTF-8"?>
<!-- Generated by org.testng.reporters.JUnitReportReporter -->
<testsuite skipped="1" hostname="CABOTIA002" name="DataProvider.testDP" tests="1" failures="0" timestamp="01 Feb 2018 07:06:07 GMT" time="0.000" errors="0">
  <testcase name="test" time="0.000" classname="DataProvider.testDP">
    <skipped/>
  </testcase> <!-- test -->
</testsuite> <!-- DataProvider.testDP -->
