<?xml version="1.0" encoding="UTF-8"?>
<!-- Generated by org.testng.reporters.JUnitReportReporter -->
<testsuite skipped="0" hostname="AIBWTA5RYL" name="SeleniumTest.OpenCloseBrowser" tests="1" failures="0" timestamp="10 Jan 2018 10:06:34 GMT" time="60.325" errors="0">
  <testcase name="OpenBrowser" time="60.325" classname="SeleniumTest.OpenCloseBrowser"/>
</testsuite> <!-- SeleniumTest.OpenCloseBrowser -->
