<?xml version="1.0" encoding="UTF-8"?>
<!-- Generated by org.testng.reporters.JUnitReportReporter -->
<testsuite skipped="0" hostname="AIBWTA5RYL" name="SeleniumTest.testNGgroup" tests="3" failures="0" timestamp="10 Jan 2018 10:40:27 GMT" time="0.018" errors="0">
  <testcase name="testdepends" time="0.001" classname="SeleniumTest.testNGgroup"/>
  <testcase name="xmlTestMethod1" time="0.016" classname="SeleniumTest.testNGgroup"/>
  <testcase name="xmlTestMethod2" time="0.001" classname="SeleniumTest.testNGgroup"/>
</testsuite> <!-- SeleniumTest.testNGgroup -->
