<?xml version="1.0" encoding="UTF-8"?>
<!-- Generated by org.testng.reporters.JUnitReportReporter -->
<testsuite skipped="0" hostname="AIBWTA5RYL" name="SeleniumTest.dataprovider" tests="2" failures="0" timestamp="10 Jan 2018 10:50:46 GMT" time="0.017" errors="0">
  <testcase name="verifyData1" time="0.016" classname="SeleniumTest.dataprovider"/>
  <testcase name="verifyData1" time="0.001" classname="SeleniumTest.dataprovider"/>
</testsuite> <!-- SeleniumTest.dataprovider -->
