<?xml version="1.0" encoding="UTF-8"?>
<!-- Generated by org.testng.reporters.JUnitReportReporter -->
<testsuite skipped="2" hostname="AIBWTA5RYL" name="Assignment.GooglePage" tests="3" failures="0" timestamp="11 Jan 2018 09:55:54 GMT" time="12.707" errors="0">
  <testcase name="countTotalLinks" time="12.707" classname="Assignment.GooglePage"/>
  <testcase name="CounAndPrint" classname="Assignment.GooglePage">
    <skipped/>
  </testcase> <!-- CounAndPrint -->
  <testcase name="MouseMove" classname="Assignment.GooglePage">
    <skipped/>
  </testcase> <!-- MouseMove -->
</testsuite> <!-- Assignment.GooglePage -->
