<?xml version="1.0" encoding="UTF-8"?>
<!-- Generated by org.testng.reporters.JUnitReportReporter -->
<testsuite skipped="0" hostname="AIBWTA5RYL" name="SeleniumTest.properties" tests="1" failures="0" timestamp="09 Jan 2018 11:46:27 GMT" time="0.027" errors="0">
  <testcase name="properties" time="0.027" classname="SeleniumTest.properties"/>
</testsuite> <!-- SeleniumTest.properties -->
