<?xml version="1.0" encoding="UTF-8"?>
<!-- Generated by org.testng.reporters.JUnitReportReporter -->
<testsuite skipped="1" hostname="AIBWTA5RYL" name="SeleniumTest.testNGtest" tests="5" failures="0" timestamp="08 Jan 2018 11:43:51 GMT" time="0.012" errors="0">
  <testcase name="TestMethod1" time="0.004" classname="SeleniumTest.testNGtest"/>
  <testcase name="properties" time="0.002" classname="SeleniumTest.testNGtest"/>
  <testcase name="TestMethod2" time="0.002" classname="SeleniumTest.testNGtest"/>
  <testcase name="TestMethod3" time="0.004" classname="SeleniumTest.testNGtest"/>
  <testcase name="google" classname="SeleniumTest.testNGtest">
    <skipped/>
  </testcase> <!-- google -->
</testsuite> <!-- SeleniumTest.testNGtest -->
