<?xml version="1.0" encoding="UTF-8"?>
<!-- Generated by org.testng.reporters.JUnitReportReporter -->
<testsuite skipped="0" hostname="AIBWTA5RYL" name="SeleniumTest.testNG" tests="1" failures="0" timestamp="09 Jan 2018 11:30:54 GMT" time="0.027" errors="0">
  <testcase name="test2" time="0.027" classname="SeleniumTest.testNG"/>
</testsuite> <!-- SeleniumTest.testNG -->
